CRITICAL - 2023-09-27 01:29:50 --> Call to undefined method CodeIgniter\Database\MySQLi\Result::get()
in APPPATH\Controllers\UserController.php on line 25.
 1 SYSTEMPATH\CodeIgniter.php(919): App\Controllers\UserController->usuarios()
 2 SYSTEMPATH\CodeIgniter.php(494): CodeIgniter\CodeIgniter->runController(Object(App\Controllers\UserController))
 3 SYSTEMPATH\CodeIgniter.php(353): CodeIgniter\CodeIgniter->handleRequest(null, Object(Config\Cache), false)
 4 FCPATH\index.php(79): CodeIgniter\CodeIgniter->run()
 5 SYSTEMPATH\Commands\Server\rewrite.php(47): require_once('F:\\Taller de Base de Datos\\blog02\\public\\index.php')
CRITICAL - 2023-09-27 01:31:38 --> Call to undefined method CodeIgniter\Database\MySQLi\Result::get()
in APPPATH\Controllers\UserController.php on line 26.
 1 SYSTEMPATH\CodeIgniter.php(919): App\Controllers\UserController->usuarios()
 2 SYSTEMPATH\CodeIgniter.php(494): CodeIgniter\CodeIgniter->runController(Object(App\Controllers\UserController))
 3 SYSTEMPATH\CodeIgniter.php(353): CodeIgniter\CodeIgniter->handleRequest(null, Object(Config\Cache), false)
 4 FCPATH\index.php(79): CodeIgniter\CodeIgniter->run()
 5 SYSTEMPATH\Commands\Server\rewrite.php(47): require_once('F:\\Taller de Base de Datos\\blog02\\public\\index.php')
CRITICAL - 2023-09-27 01:36:57 --> Call to undefined method CodeIgniter\Database\MySQLi\Result::get()
in APPPATH\Controllers\UserController.php on line 29.
 1 SYSTEMPATH\CodeIgniter.php(919): App\Controllers\UserController->usuarios()
 2 SYSTEMPATH\CodeIgniter.php(494): CodeIgniter\CodeIgniter->runController(Object(App\Controllers\UserController))
 3 SYSTEMPATH\CodeIgniter.php(353): CodeIgniter\CodeIgniter->handleRequest(null, Object(Config\Cache), false)
 4 FCPATH\index.php(79): CodeIgniter\CodeIgniter->run()
 5 SYSTEMPATH\Commands\Server\rewrite.php(47): require_once('F:\\Taller de Base de Datos\\blog02\\public\\index.php')
ERROR - 2023-09-27 02:33:15 --> mysqli_sql_exception: Unknown column 'uername' in 'field list' in F:\Taller de Base de Datos\blog02\system\Database\MySQLi\Connection.php:306
Stack trace:
#0 F:\Taller de Base de Datos\blog02\system\Database\MySQLi\Connection.php(306): mysqli->query('select uername ...', 0)
#1 F:\Taller de Base de Datos\blog02\system\Database\BaseConnection.php(692): CodeIgniter\Database\MySQLi\Connection->execute('select uername ...')
#2 F:\Taller de Base de Datos\blog02\system\Database\BaseConnection.php(606): CodeIgniter\Database\BaseConnection->simpleQuery('select uername ...')
#3 F:\Taller de Base de Datos\blog02\app\Controllers\UserController.php(25): CodeIgniter\Database\BaseConnection->query('select uername ...')
#4 F:\Taller de Base de Datos\blog02\system\CodeIgniter.php(919): App\Controllers\UserController->usuarios()
#5 F:\Taller de Base de Datos\blog02\system\CodeIgniter.php(494): CodeIgniter\CodeIgniter->runController(Object(App\Controllers\UserController))
#6 F:\Taller de Base de Datos\blog02\system\CodeIgniter.php(353): CodeIgniter\CodeIgniter->handleRequest(NULL, Object(Config\Cache), false)
#7 F:\Taller de Base de Datos\blog02\public\index.php(79): CodeIgniter\CodeIgniter->run()
#8 F:\Taller de Base de Datos\blog02\system\Commands\Server\rewrite.php(47): require_once('F:\\Taller de Ba...')
#9 {main}
CRITICAL - 2023-09-27 02:33:15 --> Unknown column 'uername' in 'field list'
in SYSTEMPATH\Database\BaseConnection.php on line 646.
 1 APPPATH\Controllers\UserController.php(25): CodeIgniter\Database\BaseConnection->query('select uername as "nombre de usuario" from users')
 2 SYSTEMPATH\CodeIgniter.php(919): App\Controllers\UserController->usuarios()
 3 SYSTEMPATH\CodeIgniter.php(494): CodeIgniter\CodeIgniter->runController(Object(App\Controllers\UserController))
 4 SYSTEMPATH\CodeIgniter.php(353): CodeIgniter\CodeIgniter->handleRequest(null, Object(Config\Cache), false)
 5 FCPATH\index.php(79): CodeIgniter\CodeIgniter->run()
 6 SYSTEMPATH\Commands\Server\rewrite.php(47): require_once('F:\\Taller de Base de Datos\\blog02\\public\\index.php')
CRITICAL - 2023-09-27 02:34:18 --> Call to undefined method CodeIgniter\Database\MySQLi\Result::get()
in APPPATH\Controllers\UserController.php on line 25.
 1 SYSTEMPATH\CodeIgniter.php(919): App\Controllers\UserController->usuarios()
 2 SYSTEMPATH\CodeIgniter.php(494): CodeIgniter\CodeIgniter->runController(Object(App\Controllers\UserController))
 3 SYSTEMPATH\CodeIgniter.php(353): CodeIgniter\CodeIgniter->handleRequest(null, Object(Config\Cache), false)
 4 FCPATH\index.php(79): CodeIgniter\CodeIgniter->run()
 5 SYSTEMPATH\Commands\Server\rewrite.php(47): require_once('F:\\Taller de Base de Datos\\blog02\\public\\index.php')
CRITICAL - 2023-09-27 02:36:28 --> Undefined array key "username"
in APPPATH\Views\users\usuarios.php on line 3.
 1 APPPATH\Views\users\usuarios.php(3): CodeIgniter\Debug\Exceptions->errorHandler(2, 'Undefined array key "username"', 'F:\\Taller de Base de Datos\\blog02\\app\\Views\\users\\usuarios.php', 3)
 2 SYSTEMPATH\View\View.php(226): include('F:\\Taller de Base de Datos\\blog02\\app\\Views\\users\\usuarios.php')
 3 SYSTEMPATH\View\View.php(229): CodeIgniter\View\View->CodeIgniter\View\{closure}()
 4 SYSTEMPATH\Common.php(1188): CodeIgniter\View\View->render('users/usuarios', [], true)
 5 APPPATH\Controllers\UserController.php(32): view('users/usuarios', [...])
 6 SYSTEMPATH\CodeIgniter.php(919): App\Controllers\UserController->usuarios()
 7 SYSTEMPATH\CodeIgniter.php(494): CodeIgniter\CodeIgniter->runController(Object(App\Controllers\UserController))
 8 SYSTEMPATH\CodeIgniter.php(353): CodeIgniter\CodeIgniter->handleRequest(null, Object(Config\Cache), false)
 9 FCPATH\index.php(79): CodeIgniter\CodeIgniter->run()
10 SYSTEMPATH\Commands\Server\rewrite.php(47): require_once('F:\\Taller de Base de Datos\\blog02\\public\\index.php')
CRITICAL - 2023-09-27 02:41:02 --> Undefined array key "status"
in APPPATH\Views\users\usuarios.php on line 16.
 1 APPPATH\Views\users\usuarios.php(16): CodeIgniter\Debug\Exceptions->errorHandler(2, 'Undefined array key "status"', 'F:\\Taller de Base de Datos\\blog02\\app\\Views\\users\\usuarios.php', 16)
 2 SYSTEMPATH\View\View.php(226): include('F:\\Taller de Base de Datos\\blog02\\app\\Views\\users\\usuarios.php')
 3 SYSTEMPATH\View\View.php(229): CodeIgniter\View\View->CodeIgniter\View\{closure}()
 4 SYSTEMPATH\Common.php(1188): CodeIgniter\View\View->render('users/usuarios', [], true)
 5 APPPATH\Controllers\UserController.php(32): view('users/usuarios', [...])
 6 SYSTEMPATH\CodeIgniter.php(919): App\Controllers\UserController->usuarios()
 7 SYSTEMPATH\CodeIgniter.php(494): CodeIgniter\CodeIgniter->runController(Object(App\Controllers\UserController))
 8 SYSTEMPATH\CodeIgniter.php(353): CodeIgniter\CodeIgniter->handleRequest(null, Object(Config\Cache), false)
 9 FCPATH\index.php(79): CodeIgniter\CodeIgniter->run()
10 SYSTEMPATH\Commands\Server\rewrite.php(47): require_once('F:\\Taller de Base de Datos\\blog02\\public\\index.php')
CRITICAL - 2023-09-27 15:18:25 --> Undefined array key "status"
in APPPATH/Views/users/usuarios2.php on line 16.
 1 APPPATH/Views/users/usuarios2.php(16): CodeIgniter\Debug\Exceptions->errorHandler()
 2 SYSTEMPATH/View/View.php(226): include('/run/media/degante/DEV/Taller de Base de Datos/blog02/app/Views/users/usuarios2.php')
 3 SYSTEMPATH/View/View.php(229): CodeIgniter\View\View->CodeIgniter\View\{closure}()
 4 SYSTEMPATH/Common.php(1188): CodeIgniter\View\View->render()
 5 APPPATH/Controllers/UserController.php(44): view()
 6 SYSTEMPATH/CodeIgniter.php(919): App\Controllers\UserController->usuarios2()
 7 SYSTEMPATH/CodeIgniter.php(494): CodeIgniter\CodeIgniter->runController()
 8 SYSTEMPATH/CodeIgniter.php(353): CodeIgniter\CodeIgniter->handleRequest()
 9 FCPATH/index.php(79): CodeIgniter\CodeIgniter->run()
10 SYSTEMPATH/Commands/Server/rewrite.php(47): require_once('/run/media/degante/DEV/Taller de Base de Datos/blog02/public/index.php')
