ERROR - 2023-10-03 04:41:55 --> mysqli_sql_exception: Unknown column 'ui.id' in 'on clause' in /run/media/degante/DEV/Taller de Base de Datos/blog02/system/Database/MySQLi/Connection.php:306
Stack trace:
#0 /run/media/degante/DEV/Taller de Base de Datos/blog02/system/Database/MySQLi/Connection.php(306): mysqli->query()
#1 /run/media/degante/DEV/Taller de Base de Datos/blog02/system/Database/BaseConnection.php(692): CodeIgniter\Database\MySQLi\Connection->execute()
#2 /run/media/degante/DEV/Taller de Base de Datos/blog02/system/Database/BaseConnection.php(606): CodeIgniter\Database\BaseConnection->simpleQuery()
#3 /run/media/degante/DEV/Taller de Base de Datos/blog02/app/Controllers/PostController.php(16): CodeIgniter\Database\BaseConnection->query()
#4 /run/media/degante/DEV/Taller de Base de Datos/blog02/system/CodeIgniter.php(919): App\Controllers\PostController->index()
#5 /run/media/degante/DEV/Taller de Base de Datos/blog02/system/CodeIgniter.php(494): CodeIgniter\CodeIgniter->runController()
#6 /run/media/degante/DEV/Taller de Base de Datos/blog02/system/CodeIgniter.php(353): CodeIgniter\CodeIgniter->handleRequest()
#7 /run/media/degante/DEV/Taller de Base de Datos/blog02/public/index.php(79): CodeIgniter\CodeIgniter->run()
#8 /run/media/degante/DEV/Taller de Base de Datos/blog02/system/Commands/Server/rewrite.php(47): require_once('...')
#9 {main}
CRITICAL - 2023-10-03 04:41:55 --> Unknown column 'ui.id' in 'on clause'
in SYSTEMPATH/Database/BaseConnection.php on line 646.
 1 APPPATH/Controllers/PostController.php(16): CodeIgniter\Database\BaseConnection->query()
 2 SYSTEMPATH/CodeIgniter.php(919): App\Controllers\PostController->index()
 3 SYSTEMPATH/CodeIgniter.php(494): CodeIgniter\CodeIgniter->runController()
 4 SYSTEMPATH/CodeIgniter.php(353): CodeIgniter\CodeIgniter->handleRequest()
 5 FCPATH/index.php(79): CodeIgniter\CodeIgniter->run()
 6 SYSTEMPATH/Commands/Server/rewrite.php(47): require_once('/run/media/degante/DEV/Taller de Base de Datos/blog02/public/index.php')
ERROR - 2023-10-03 04:42:03 --> mysqli_sql_exception: Unknown column 'ui.id' in 'on clause' in /run/media/degante/DEV/Taller de Base de Datos/blog02/system/Database/MySQLi/Connection.php:306
Stack trace:
#0 /run/media/degante/DEV/Taller de Base de Datos/blog02/system/Database/MySQLi/Connection.php(306): mysqli->query()
#1 /run/media/degante/DEV/Taller de Base de Datos/blog02/system/Database/BaseConnection.php(692): CodeIgniter\Database\MySQLi\Connection->execute()
#2 /run/media/degante/DEV/Taller de Base de Datos/blog02/system/Database/BaseConnection.php(606): CodeIgniter\Database\BaseConnection->simpleQuery()
#3 /run/media/degante/DEV/Taller de Base de Datos/blog02/app/Controllers/PostController.php(16): CodeIgniter\Database\BaseConnection->query()
#4 /run/media/degante/DEV/Taller de Base de Datos/blog02/system/CodeIgniter.php(919): App\Controllers\PostController->index()
#5 /run/media/degante/DEV/Taller de Base de Datos/blog02/system/CodeIgniter.php(494): CodeIgniter\CodeIgniter->runController()
#6 /run/media/degante/DEV/Taller de Base de Datos/blog02/system/CodeIgniter.php(353): CodeIgniter\CodeIgniter->handleRequest()
#7 /run/media/degante/DEV/Taller de Base de Datos/blog02/public/index.php(79): CodeIgniter\CodeIgniter->run()
#8 /run/media/degante/DEV/Taller de Base de Datos/blog02/system/Commands/Server/rewrite.php(47): require_once('...')
#9 {main}
CRITICAL - 2023-10-03 04:42:03 --> Unknown column 'ui.id' in 'on clause'
in SYSTEMPATH/Database/BaseConnection.php on line 646.
 1 APPPATH/Controllers/PostController.php(16): CodeIgniter\Database\BaseConnection->query()
 2 SYSTEMPATH/CodeIgniter.php(919): App\Controllers\PostController->index()
 3 SYSTEMPATH/CodeIgniter.php(494): CodeIgniter\CodeIgniter->runController()
 4 SYSTEMPATH/CodeIgniter.php(353): CodeIgniter\CodeIgniter->handleRequest()
 5 FCPATH/index.php(79): CodeIgniter\CodeIgniter->run()
 6 SYSTEMPATH/Commands/Server/rewrite.php(47): require_once('/run/media/degante/DEV/Taller de Base de Datos/blog02/public/index.php')
ERROR - 2023-10-03 04:42:06 --> mysqli_sql_exception: Unknown column 'ui.id' in 'on clause' in /run/media/degante/DEV/Taller de Base de Datos/blog02/system/Database/MySQLi/Connection.php:306
Stack trace:
#0 /run/media/degante/DEV/Taller de Base de Datos/blog02/system/Database/MySQLi/Connection.php(306): mysqli->query()
#1 /run/media/degante/DEV/Taller de Base de Datos/blog02/system/Database/BaseConnection.php(692): CodeIgniter\Database\MySQLi\Connection->execute()
#2 /run/media/degante/DEV/Taller de Base de Datos/blog02/system/Database/BaseConnection.php(606): CodeIgniter\Database\BaseConnection->simpleQuery()
#3 /run/media/degante/DEV/Taller de Base de Datos/blog02/app/Controllers/PostController.php(16): CodeIgniter\Database\BaseConnection->query()
#4 /run/media/degante/DEV/Taller de Base de Datos/blog02/system/CodeIgniter.php(919): App\Controllers\PostController->index()
#5 /run/media/degante/DEV/Taller de Base de Datos/blog02/system/CodeIgniter.php(494): CodeIgniter\CodeIgniter->runController()
#6 /run/media/degante/DEV/Taller de Base de Datos/blog02/system/CodeIgniter.php(353): CodeIgniter\CodeIgniter->handleRequest()
#7 /run/media/degante/DEV/Taller de Base de Datos/blog02/public/index.php(79): CodeIgniter\CodeIgniter->run()
#8 /run/media/degante/DEV/Taller de Base de Datos/blog02/system/Commands/Server/rewrite.php(47): require_once('...')
#9 {main}
CRITICAL - 2023-10-03 04:42:06 --> Unknown column 'ui.id' in 'on clause'
in SYSTEMPATH/Database/BaseConnection.php on line 646.
 1 APPPATH/Controllers/PostController.php(16): CodeIgniter\Database\BaseConnection->query()
 2 SYSTEMPATH/CodeIgniter.php(919): App\Controllers\PostController->index()
 3 SYSTEMPATH/CodeIgniter.php(494): CodeIgniter\CodeIgniter->runController()
 4 SYSTEMPATH/CodeIgniter.php(353): CodeIgniter\CodeIgniter->handleRequest()
 5 FCPATH/index.php(79): CodeIgniter\CodeIgniter->run()
 6 SYSTEMPATH/Commands/Server/rewrite.php(47): require_once('/run/media/degante/DEV/Taller de Base de Datos/blog02/public/index.php')
ERROR - 2023-10-03 04:43:54 --> mysqli_sql_exception: You have an error in your SQL syntax; check the manual that corresponds to your MariaDB server version for the right syntax to use near 'full outer join categories as c on c.id = p.category full outer join users as...' at line 1 in /run/media/degante/DEV/Taller de Base de Datos/blog02/system/Database/MySQLi/Connection.php:306
Stack trace:
#0 /run/media/degante/DEV/Taller de Base de Datos/blog02/system/Database/MySQLi/Connection.php(306): mysqli->query()
#1 /run/media/degante/DEV/Taller de Base de Datos/blog02/system/Database/BaseConnection.php(692): CodeIgniter\Database\MySQLi\Connection->execute()
#2 /run/media/degante/DEV/Taller de Base de Datos/blog02/system/Database/BaseConnection.php(606): CodeIgniter\Database\BaseConnection->simpleQuery()
#3 /run/media/degante/DEV/Taller de Base de Datos/blog02/app/Controllers/PostController.php(16): CodeIgniter\Database\BaseConnection->query()
#4 /run/media/degante/DEV/Taller de Base de Datos/blog02/system/CodeIgniter.php(919): App\Controllers\PostController->index()
#5 /run/media/degante/DEV/Taller de Base de Datos/blog02/system/CodeIgniter.php(494): CodeIgniter\CodeIgniter->runController()
#6 /run/media/degante/DEV/Taller de Base de Datos/blog02/system/CodeIgniter.php(353): CodeIgniter\CodeIgniter->handleRequest()
#7 /run/media/degante/DEV/Taller de Base de Datos/blog02/public/index.php(79): CodeIgniter\CodeIgniter->run()
#8 /run/media/degante/DEV/Taller de Base de Datos/blog02/system/Commands/Server/rewrite.php(47): require_once('...')
#9 {main}
CRITICAL - 2023-10-03 04:43:54 --> You have an error in your SQL syntax; check the manual that corresponds to your MariaDB server version for the right syntax to use near 'full outer join categories as c on c.id = p.category full outer join users as...' at line 1
in SYSTEMPATH/Database/BaseConnection.php on line 646.
 1 APPPATH/Controllers/PostController.php(16): CodeIgniter\Database\BaseConnection->query()
 2 SYSTEMPATH/CodeIgniter.php(919): App\Controllers\PostController->index()
 3 SYSTEMPATH/CodeIgniter.php(494): CodeIgniter\CodeIgniter->runController()
 4 SYSTEMPATH/CodeIgniter.php(353): CodeIgniter\CodeIgniter->handleRequest()
 5 FCPATH/index.php(79): CodeIgniter\CodeIgniter->run()
 6 SYSTEMPATH/Commands/Server/rewrite.php(47): require_once('/run/media/degante/DEV/Taller de Base de Datos/blog02/public/index.php')
CRITICAL - 2023-10-03 15:35:48 --> Undefined array key "created_at"
in APPPATH/Views/posts/ejercicio01.php on line 25.
 1 APPPATH/Views/posts/ejercicio01.php(25): CodeIgniter\Debug\Exceptions->errorHandler()
 2 SYSTEMPATH/View/View.php(226): include('/run/media/degante/DEV/Taller de Base de Datos/blog02/app/Views/posts/ejercicio01.php')
 3 SYSTEMPATH/View/View.php(229): CodeIgniter\View\View->CodeIgniter\View\{closure}()
 4 SYSTEMPATH/Common.php(1188): CodeIgniter\View\View->render()
 5 APPPATH/Controllers/PostController.php(17): view()
 6 SYSTEMPATH/CodeIgniter.php(919): App\Controllers\PostController->ejercicio01()
 7 SYSTEMPATH/CodeIgniter.php(494): CodeIgniter\CodeIgniter->runController()
 8 SYSTEMPATH/CodeIgniter.php(353): CodeIgniter\CodeIgniter->handleRequest()
 9 FCPATH/index.php(79): CodeIgniter\CodeIgniter->run()
10 SYSTEMPATH/Commands/Server/rewrite.php(47): require_once('/run/media/degante/DEV/Taller de Base de Datos/blog02/public/index.php')
CRITICAL - 2023-10-03 15:48:09 --> Call to undefined method CodeIgniter\Database\MySQLi\Result::get()
in APPPATH/Controllers/PostController.php on line 27.
 1 SYSTEMPATH/CodeIgniter.php(919): App\Controllers\PostController->ejercicio05()
 2 SYSTEMPATH/CodeIgniter.php(494): CodeIgniter\CodeIgniter->runController()
 3 SYSTEMPATH/CodeIgniter.php(353): CodeIgniter\CodeIgniter->handleRequest()
 4 FCPATH/index.php(79): CodeIgniter\CodeIgniter->run()
 5 SYSTEMPATH/Commands/Server/rewrite.php(47): require_once('/run/media/degante/DEV/Taller de Base de Datos/blog02/public/index.php')
CRITICAL - 2023-10-03 15:56:07 --> Array to string conversion
in APPPATH/Views/posts/ejercicio05.php on line 9.
 1 APPPATH/Views/posts/ejercicio05.php(9): CodeIgniter\Debug\Exceptions->errorHandler()
 2 SYSTEMPATH/View/View.php(226): include('/run/media/degante/DEV/Taller de Base de Datos/blog02/app/Views/posts/ejercicio05.php')
 3 SYSTEMPATH/View/View.php(229): CodeIgniter\View\View->CodeIgniter\View\{closure}()
 4 SYSTEMPATH/Common.php(1188): CodeIgniter\View\View->render()
 5 APPPATH/Controllers/PostController.php(42): view()
 6 SYSTEMPATH/CodeIgniter.php(919): App\Controllers\PostController->ejercicio05()
 7 SYSTEMPATH/CodeIgniter.php(494): CodeIgniter\CodeIgniter->runController()
 8 SYSTEMPATH/CodeIgniter.php(353): CodeIgniter\CodeIgniter->handleRequest()
 9 FCPATH/index.php(79): CodeIgniter\CodeIgniter->run()
10 SYSTEMPATH/Commands/Server/rewrite.php(47): require_once('/run/media/degante/DEV/Taller de Base de Datos/blog02/public/index.php')
CRITICAL - 2023-10-03 15:56:27 --> Array to string conversion
in APPPATH/Views/posts/ejercicio05.php on line 9.
 1 APPPATH/Views/posts/ejercicio05.php(9): CodeIgniter\Debug\Exceptions->errorHandler()
 2 SYSTEMPATH/View/View.php(226): include('/run/media/degante/DEV/Taller de Base de Datos/blog02/app/Views/posts/ejercicio05.php')
 3 SYSTEMPATH/View/View.php(229): CodeIgniter\View\View->CodeIgniter\View\{closure}()
 4 SYSTEMPATH/Common.php(1188): CodeIgniter\View\View->render()
 5 APPPATH/Controllers/PostController.php(42): view()
 6 SYSTEMPATH/CodeIgniter.php(919): App\Controllers\PostController->ejercicio05()
 7 SYSTEMPATH/CodeIgniter.php(494): CodeIgniter\CodeIgniter->runController()
 8 SYSTEMPATH/CodeIgniter.php(353): CodeIgniter\CodeIgniter->handleRequest()
 9 FCPATH/index.php(79): CodeIgniter\CodeIgniter->run()
10 SYSTEMPATH/Commands/Server/rewrite.php(47): require_once('/run/media/degante/DEV/Taller de Base de Datos/blog02/public/index.php')
CRITICAL - 2023-10-03 21:24:58 --> Array to string conversion
in APPPATH/Views/posts/ejercicio05.php on line 9.
 1 APPPATH/Views/posts/ejercicio05.php(9): CodeIgniter\Debug\Exceptions->errorHandler()
 2 SYSTEMPATH/View/View.php(226): include('/run/media/degante/DEV/Taller de Base de Datos/blog02/app/Views/posts/ejercicio05.php')
 3 SYSTEMPATH/View/View.php(229): CodeIgniter\View\View->CodeIgniter\View\{closure}()
 4 SYSTEMPATH/Common.php(1188): CodeIgniter\View\View->render()
 5 APPPATH/Controllers/PostController.php(42): view()
 6 SYSTEMPATH/CodeIgniter.php(919): App\Controllers\PostController->ejercicio05()
 7 SYSTEMPATH/CodeIgniter.php(494): CodeIgniter\CodeIgniter->runController()
 8 SYSTEMPATH/CodeIgniter.php(353): CodeIgniter\CodeIgniter->handleRequest()
 9 FCPATH/index.php(79): CodeIgniter\CodeIgniter->run()
10 SYSTEMPATH/Commands/Server/rewrite.php(47): require_once('/run/media/degante/DEV/Taller de Base de Datos/blog02/public/index.php')
CRITICAL - 2023-10-03 21:25:19 --> Call to undefined method CodeIgniter\Database\MySQLi\Result::get()
in APPPATH/Controllers/PostController.php on line 33.
 1 SYSTEMPATH/CodeIgniter.php(919): App\Controllers\PostController->ejercicio05()
 2 SYSTEMPATH/CodeIgniter.php(494): CodeIgniter\CodeIgniter->runController()
 3 SYSTEMPATH/CodeIgniter.php(353): CodeIgniter\CodeIgniter->handleRequest()
 4 FCPATH/index.php(79): CodeIgniter\CodeIgniter->run()
 5 SYSTEMPATH/Commands/Server/rewrite.php(47): require_once('/run/media/degante/DEV/Taller de Base de Datos/blog02/public/index.php')
CRITICAL - 2023-10-03 21:27:12 --> Array to string conversion
in APPPATH/Views/posts/ejercicio05.php on line 9.
 1 APPPATH/Views/posts/ejercicio05.php(9): CodeIgniter\Debug\Exceptions->errorHandler()
 2 SYSTEMPATH/View/View.php(226): include('/run/media/degante/DEV/Taller de Base de Datos/blog02/app/Views/posts/ejercicio05.php')
 3 SYSTEMPATH/View/View.php(229): CodeIgniter\View\View->CodeIgniter\View\{closure}()
 4 SYSTEMPATH/Common.php(1188): CodeIgniter\View\View->render()
 5 APPPATH/Controllers/PostController.php(42): view()
 6 SYSTEMPATH/CodeIgniter.php(919): App\Controllers\PostController->ejercicio05()
 7 SYSTEMPATH/CodeIgniter.php(494): CodeIgniter\CodeIgniter->runController()
 8 SYSTEMPATH/CodeIgniter.php(353): CodeIgniter\CodeIgniter->handleRequest()
 9 FCPATH/index.php(79): CodeIgniter\CodeIgniter->run()
10 SYSTEMPATH/Commands/Server/rewrite.php(47): require_once('/run/media/degante/DEV/Taller de Base de Datos/blog02/public/index.php')
CRITICAL - 2023-10-03 21:27:28 --> Array to string conversion
in APPPATH/Views/posts/ejercicio05.php on line 9.
 1 APPPATH/Views/posts/ejercicio05.php(9): CodeIgniter\Debug\Exceptions->errorHandler()
 2 SYSTEMPATH/View/View.php(226): include('/run/media/degante/DEV/Taller de Base de Datos/blog02/app/Views/posts/ejercicio05.php')
 3 SYSTEMPATH/View/View.php(229): CodeIgniter\View\View->CodeIgniter\View\{closure}()
 4 SYSTEMPATH/Common.php(1188): CodeIgniter\View\View->render()
 5 APPPATH/Controllers/PostController.php(42): view()
 6 SYSTEMPATH/CodeIgniter.php(919): App\Controllers\PostController->ejercicio05()
 7 SYSTEMPATH/CodeIgniter.php(494): CodeIgniter\CodeIgniter->runController()
 8 SYSTEMPATH/CodeIgniter.php(353): CodeIgniter\CodeIgniter->handleRequest()
 9 FCPATH/index.php(79): CodeIgniter\CodeIgniter->run()
10 SYSTEMPATH/Commands/Server/rewrite.php(47): require_once('/run/media/degante/DEV/Taller de Base de Datos/blog02/public/index.php')
CRITICAL - 2023-10-03 21:27:47 --> Array to string conversion
in APPPATH/Views/posts/ejercicio05.php on line 9.
 1 APPPATH/Views/posts/ejercicio05.php(9): CodeIgniter\Debug\Exceptions->errorHandler()
 2 SYSTEMPATH/View/View.php(226): include('/run/media/degante/DEV/Taller de Base de Datos/blog02/app/Views/posts/ejercicio05.php')
 3 SYSTEMPATH/View/View.php(229): CodeIgniter\View\View->CodeIgniter\View\{closure}()
 4 SYSTEMPATH/Common.php(1188): CodeIgniter\View\View->render()
 5 APPPATH/Controllers/PostController.php(42): view()
 6 SYSTEMPATH/CodeIgniter.php(919): App\Controllers\PostController->ejercicio05()
 7 SYSTEMPATH/CodeIgniter.php(494): CodeIgniter\CodeIgniter->runController()
 8 SYSTEMPATH/CodeIgniter.php(353): CodeIgniter\CodeIgniter->handleRequest()
 9 FCPATH/index.php(79): CodeIgniter\CodeIgniter->run()
10 SYSTEMPATH/Commands/Server/rewrite.php(47): require_once('/run/media/degante/DEV/Taller de Base de Datos/blog02/public/index.php')
CRITICAL - 2023-10-03 21:32:39 --> Call to undefined method CodeIgniter\Database\MySQLi\Result::countAllResults()
in APPPATH/Controllers/PostController.php on line 33.
 1 SYSTEMPATH/CodeIgniter.php(919): App\Controllers\PostController->ejercicio05()
 2 SYSTEMPATH/CodeIgniter.php(494): CodeIgniter\CodeIgniter->runController()
 3 SYSTEMPATH/CodeIgniter.php(353): CodeIgniter\CodeIgniter->handleRequest()
 4 FCPATH/index.php(79): CodeIgniter\CodeIgniter->run()
 5 SYSTEMPATH/Commands/Server/rewrite.php(47): require_once('/run/media/degante/DEV/Taller de Base de Datos/blog02/public/index.php')
CRITICAL - 2023-10-03 21:33:16 --> Call to undefined method CodeIgniter\Database\MySQLi\Result::countAll()
in APPPATH/Controllers/PostController.php on line 33.
 1 SYSTEMPATH/CodeIgniter.php(919): App\Controllers\PostController->ejercicio05()
 2 SYSTEMPATH/CodeIgniter.php(494): CodeIgniter\CodeIgniter->runController()
 3 SYSTEMPATH/CodeIgniter.php(353): CodeIgniter\CodeIgniter->handleRequest()
 4 FCPATH/index.php(79): CodeIgniter\CodeIgniter->run()
 5 SYSTEMPATH/Commands/Server/rewrite.php(47): require_once('/run/media/degante/DEV/Taller de Base de Datos/blog02/public/index.php')
CRITICAL - 2023-10-03 21:33:26 --> Call to undefined method CodeIgniter\Database\MySQLi\Result::count()
in APPPATH/Controllers/PostController.php on line 33.
 1 SYSTEMPATH/CodeIgniter.php(919): App\Controllers\PostController->ejercicio05()
 2 SYSTEMPATH/CodeIgniter.php(494): CodeIgniter\CodeIgniter->runController()
 3 SYSTEMPATH/CodeIgniter.php(353): CodeIgniter\CodeIgniter->handleRequest()
 4 FCPATH/index.php(79): CodeIgniter\CodeIgniter->run()
 5 SYSTEMPATH/Commands/Server/rewrite.php(47): require_once('/run/media/degante/DEV/Taller de Base de Datos/blog02/public/index.php')
CRITICAL - 2023-10-03 21:33:37 --> Call to undefined method CodeIgniter\Database\MySQLi\Result::count()
in APPPATH/Controllers/PostController.php on line 33.
 1 SYSTEMPATH/CodeIgniter.php(919): App\Controllers\PostController->ejercicio05()
 2 SYSTEMPATH/CodeIgniter.php(494): CodeIgniter\CodeIgniter->runController()
 3 SYSTEMPATH/CodeIgniter.php(353): CodeIgniter\CodeIgniter->handleRequest()
 4 FCPATH/index.php(79): CodeIgniter\CodeIgniter->run()
 5 SYSTEMPATH/Commands/Server/rewrite.php(47): require_once('/run/media/degante/DEV/Taller de Base de Datos/blog02/public/index.php')
CRITICAL - 2023-10-03 21:33:47 --> Array to string conversion
in APPPATH/Views/posts/ejercicio05.php on line 9.
 1 APPPATH/Views/posts/ejercicio05.php(9): CodeIgniter\Debug\Exceptions->errorHandler()
 2 SYSTEMPATH/View/View.php(226): include('/run/media/degante/DEV/Taller de Base de Datos/blog02/app/Views/posts/ejercicio05.php')
 3 SYSTEMPATH/View/View.php(229): CodeIgniter\View\View->CodeIgniter\View\{closure}()
 4 SYSTEMPATH/Common.php(1188): CodeIgniter\View\View->render()
 5 APPPATH/Controllers/PostController.php(42): view()
 6 SYSTEMPATH/CodeIgniter.php(919): App\Controllers\PostController->ejercicio05()
 7 SYSTEMPATH/CodeIgniter.php(494): CodeIgniter\CodeIgniter->runController()
 8 SYSTEMPATH/CodeIgniter.php(353): CodeIgniter\CodeIgniter->handleRequest()
 9 FCPATH/index.php(79): CodeIgniter\CodeIgniter->run()
10 SYSTEMPATH/Commands/Server/rewrite.php(47): require_once('/run/media/degante/DEV/Taller de Base de Datos/blog02/public/index.php')
CRITICAL - 2023-10-03 21:34:10 --> Object of class stdClass could not be converted to string
in APPPATH/Views/posts/ejercicio05.php on line 9.
 1 APPPATH/Views/posts/ejercicio05.php(9): implode()
 2 SYSTEMPATH/View/View.php(226): include('/run/media/degante/DEV/Taller de Base de Datos/blog02/app/Views/posts/ejercicio05.php')
 3 SYSTEMPATH/View/View.php(229): CodeIgniter\View\View->CodeIgniter\View\{closure}()
 4 SYSTEMPATH/Common.php(1188): CodeIgniter\View\View->render()
 5 APPPATH/Controllers/PostController.php(42): view()
 6 SYSTEMPATH/CodeIgniter.php(919): App\Controllers\PostController->ejercicio05()
 7 SYSTEMPATH/CodeIgniter.php(494): CodeIgniter\CodeIgniter->runController()
 8 SYSTEMPATH/CodeIgniter.php(353): CodeIgniter\CodeIgniter->handleRequest()
 9 FCPATH/index.php(79): CodeIgniter\CodeIgniter->run()
10 SYSTEMPATH/Commands/Server/rewrite.php(47): require_once('/run/media/degante/DEV/Taller de Base de Datos/blog02/public/index.php')
CRITICAL - 2023-10-03 21:34:32 --> Object of class stdClass could not be converted to string
in APPPATH/Views/posts/ejercicio05.php on line 9.
 1 APPPATH/Views/posts/ejercicio05.php(9): implode()
 2 SYSTEMPATH/View/View.php(226): include('/run/media/degante/DEV/Taller de Base de Datos/blog02/app/Views/posts/ejercicio05.php')
 3 SYSTEMPATH/View/View.php(229): CodeIgniter\View\View->CodeIgniter\View\{closure}()
 4 SYSTEMPATH/Common.php(1188): CodeIgniter\View\View->render()
 5 APPPATH/Controllers/PostController.php(42): view()
 6 SYSTEMPATH/CodeIgniter.php(919): App\Controllers\PostController->ejercicio05()
 7 SYSTEMPATH/CodeIgniter.php(494): CodeIgniter\CodeIgniter->runController()
 8 SYSTEMPATH/CodeIgniter.php(353): CodeIgniter\CodeIgniter->handleRequest()
 9 FCPATH/index.php(79): CodeIgniter\CodeIgniter->run()
10 SYSTEMPATH/Commands/Server/rewrite.php(47): require_once('/run/media/degante/DEV/Taller de Base de Datos/blog02/public/index.php')
CRITICAL - 2023-10-03 21:34:44 --> Array to string conversion
in APPPATH/Views/posts/ejercicio05.php on line 9.
 1 [internal function]: CodeIgniter\Debug\Exceptions->errorHandler()
 2 APPPATH/Views/posts/ejercicio05.php(9): implode()
 3 SYSTEMPATH/View/View.php(226): include('/run/media/degante/DEV/Taller de Base de Datos/blog02/app/Views/posts/ejercicio05.php')
 4 SYSTEMPATH/View/View.php(229): CodeIgniter\View\View->CodeIgniter\View\{closure}()
 5 SYSTEMPATH/Common.php(1188): CodeIgniter\View\View->render()
 6 APPPATH/Controllers/PostController.php(42): view()
 7 SYSTEMPATH/CodeIgniter.php(919): App\Controllers\PostController->ejercicio05()
 8 SYSTEMPATH/CodeIgniter.php(494): CodeIgniter\CodeIgniter->runController()
 9 SYSTEMPATH/CodeIgniter.php(353): CodeIgniter\CodeIgniter->handleRequest()
10 FCPATH/index.php(79): CodeIgniter\CodeIgniter->run()
11 SYSTEMPATH/Commands/Server/rewrite.php(47): require_once('/run/media/degante/DEV/Taller de Base de Datos/blog02/public/index.php')
CRITICAL - 2023-10-03 21:34:51 --> Call to undefined method CodeIgniter\Database\MySQLi\Result::get()
in APPPATH/Controllers/PostController.php on line 27.
 1 SYSTEMPATH/CodeIgniter.php(919): App\Controllers\PostController->ejercicio05()
 2 SYSTEMPATH/CodeIgniter.php(494): CodeIgniter\CodeIgniter->runController()
 3 SYSTEMPATH/CodeIgniter.php(353): CodeIgniter\CodeIgniter->handleRequest()
 4 FCPATH/index.php(79): CodeIgniter\CodeIgniter->run()
 5 SYSTEMPATH/Commands/Server/rewrite.php(47): require_once('/run/media/degante/DEV/Taller de Base de Datos/blog02/public/index.php')
CRITICAL - 2023-10-03 21:34:59 --> Object of class stdClass could not be converted to string
in APPPATH/Views/posts/ejercicio05.php on line 9.
 1 APPPATH/Views/posts/ejercicio05.php(9): implode()
 2 SYSTEMPATH/View/View.php(226): include('/run/media/degante/DEV/Taller de Base de Datos/blog02/app/Views/posts/ejercicio05.php')
 3 SYSTEMPATH/View/View.php(229): CodeIgniter\View\View->CodeIgniter\View\{closure}()
 4 SYSTEMPATH/Common.php(1188): CodeIgniter\View\View->render()
 5 APPPATH/Controllers/PostController.php(42): view()
 6 SYSTEMPATH/CodeIgniter.php(919): App\Controllers\PostController->ejercicio05()
 7 SYSTEMPATH/CodeIgniter.php(494): CodeIgniter\CodeIgniter->runController()
 8 SYSTEMPATH/CodeIgniter.php(353): CodeIgniter\CodeIgniter->handleRequest()
 9 FCPATH/index.php(79): CodeIgniter\CodeIgniter->run()
10 SYSTEMPATH/Commands/Server/rewrite.php(47): require_once('/run/media/degante/DEV/Taller de Base de Datos/blog02/public/index.php')
CRITICAL - 2023-10-03 21:35:08 --> Object of class stdClass could not be converted to string
in APPPATH/Views/posts/ejercicio05.php on line 9.
 1 APPPATH/Views/posts/ejercicio05.php(9): implode()
 2 SYSTEMPATH/View/View.php(226): include('/run/media/degante/DEV/Taller de Base de Datos/blog02/app/Views/posts/ejercicio05.php')
 3 SYSTEMPATH/View/View.php(229): CodeIgniter\View\View->CodeIgniter\View\{closure}()
 4 SYSTEMPATH/Common.php(1188): CodeIgniter\View\View->render()
 5 APPPATH/Controllers/PostController.php(42): view()
 6 SYSTEMPATH/CodeIgniter.php(919): App\Controllers\PostController->ejercicio05()
 7 SYSTEMPATH/CodeIgniter.php(494): CodeIgniter\CodeIgniter->runController()
 8 SYSTEMPATH/CodeIgniter.php(353): CodeIgniter\CodeIgniter->handleRequest()
 9 FCPATH/index.php(79): CodeIgniter\CodeIgniter->run()
10 SYSTEMPATH/Commands/Server/rewrite.php(47): require_once('/run/media/degante/DEV/Taller de Base de Datos/blog02/public/index.php')
CRITICAL - 2023-10-03 21:35:18 --> Array to string conversion
in APPPATH/Views/posts/ejercicio05.php on line 9.
 1 APPPATH/Views/posts/ejercicio05.php(9): CodeIgniter\Debug\Exceptions->errorHandler()
 2 SYSTEMPATH/View/View.php(226): include('/run/media/degante/DEV/Taller de Base de Datos/blog02/app/Views/posts/ejercicio05.php')
 3 SYSTEMPATH/View/View.php(229): CodeIgniter\View\View->CodeIgniter\View\{closure}()
 4 SYSTEMPATH/Common.php(1188): CodeIgniter\View\View->render()
 5 APPPATH/Controllers/PostController.php(42): view()
 6 SYSTEMPATH/CodeIgniter.php(919): App\Controllers\PostController->ejercicio05()
 7 SYSTEMPATH/CodeIgniter.php(494): CodeIgniter\CodeIgniter->runController()
 8 SYSTEMPATH/CodeIgniter.php(353): CodeIgniter\CodeIgniter->handleRequest()
 9 FCPATH/index.php(79): CodeIgniter\CodeIgniter->run()
10 SYSTEMPATH/Commands/Server/rewrite.php(47): require_once('/run/media/degante/DEV/Taller de Base de Datos/blog02/public/index.php')
CRITICAL - 2023-10-03 21:35:27 --> Array to string conversion
in APPPATH/Views/posts/ejercicio05.php on line 9.
 1 APPPATH/Views/posts/ejercicio05.php(9): CodeIgniter\Debug\Exceptions->errorHandler()
 2 SYSTEMPATH/View/View.php(226): include('/run/media/degante/DEV/Taller de Base de Datos/blog02/app/Views/posts/ejercicio05.php')
 3 SYSTEMPATH/View/View.php(229): CodeIgniter\View\View->CodeIgniter\View\{closure}()
 4 SYSTEMPATH/Common.php(1188): CodeIgniter\View\View->render()
 5 APPPATH/Controllers/PostController.php(42): view()
 6 SYSTEMPATH/CodeIgniter.php(919): App\Controllers\PostController->ejercicio05()
 7 SYSTEMPATH/CodeIgniter.php(494): CodeIgniter\CodeIgniter->runController()
 8 SYSTEMPATH/CodeIgniter.php(353): CodeIgniter\CodeIgniter->handleRequest()
 9 FCPATH/index.php(79): CodeIgniter\CodeIgniter->run()
10 SYSTEMPATH/Commands/Server/rewrite.php(47): require_once('/run/media/degante/DEV/Taller de Base de Datos/blog02/public/index.php')
CRITICAL - 2023-10-03 21:36:40 --> Undefined array key 1
in APPPATH/Views/posts/ejercicio05.php on line 9.
 1 APPPATH/Views/posts/ejercicio05.php(9): CodeIgniter\Debug\Exceptions->errorHandler()
 2 SYSTEMPATH/View/View.php(226): include('/run/media/degante/DEV/Taller de Base de Datos/blog02/app/Views/posts/ejercicio05.php')
 3 SYSTEMPATH/View/View.php(229): CodeIgniter\View\View->CodeIgniter\View\{closure}()
 4 SYSTEMPATH/Common.php(1188): CodeIgniter\View\View->render()
 5 APPPATH/Controllers/PostController.php(42): view()
 6 SYSTEMPATH/CodeIgniter.php(919): App\Controllers\PostController->ejercicio05()
 7 SYSTEMPATH/CodeIgniter.php(494): CodeIgniter\CodeIgniter->runController()
 8 SYSTEMPATH/CodeIgniter.php(353): CodeIgniter\CodeIgniter->handleRequest()
 9 FCPATH/index.php(79): CodeIgniter\CodeIgniter->run()
10 SYSTEMPATH/Commands/Server/rewrite.php(47): require_once('/run/media/degante/DEV/Taller de Base de Datos/blog02/public/index.php')
CRITICAL - 2023-10-03 21:37:17 --> implode(): Argument #1 ($separator) must be of type array|string, stdClass given
in APPPATH/Views/posts/ejercicio05.php on line 9.
 1 APPPATH/Views/posts/ejercicio05.php(9): implode()
 2 SYSTEMPATH/View/View.php(226): include('/run/media/degante/DEV/Taller de Base de Datos/blog02/app/Views/posts/ejercicio05.php')
 3 SYSTEMPATH/View/View.php(229): CodeIgniter\View\View->CodeIgniter\View\{closure}()
 4 SYSTEMPATH/Common.php(1188): CodeIgniter\View\View->render()
 5 APPPATH/Controllers/PostController.php(42): view()
 6 SYSTEMPATH/CodeIgniter.php(919): App\Controllers\PostController->ejercicio05()
 7 SYSTEMPATH/CodeIgniter.php(494): CodeIgniter\CodeIgniter->runController()
 8 SYSTEMPATH/CodeIgniter.php(353): CodeIgniter\CodeIgniter->handleRequest()
 9 FCPATH/index.php(79): CodeIgniter\CodeIgniter->run()
10 SYSTEMPATH/Commands/Server/rewrite.php(47): require_once('/run/media/degante/DEV/Taller de Base de Datos/blog02/public/index.php')
CRITICAL - 2023-10-03 21:37:57 --> Object of class stdClass could not be converted to string
in APPPATH/Views/posts/ejercicio05.php on line 9.
 1 SYSTEMPATH/View/View.php(226): include()
 2 SYSTEMPATH/View/View.php(229): CodeIgniter\View\View->CodeIgniter\View\{closure}()
 3 SYSTEMPATH/Common.php(1188): CodeIgniter\View\View->render()
 4 APPPATH/Controllers/PostController.php(42): view()
 5 SYSTEMPATH/CodeIgniter.php(919): App\Controllers\PostController->ejercicio05()
 6 SYSTEMPATH/CodeIgniter.php(494): CodeIgniter\CodeIgniter->runController()
 7 SYSTEMPATH/CodeIgniter.php(353): CodeIgniter\CodeIgniter->handleRequest()
 8 FCPATH/index.php(79): CodeIgniter\CodeIgniter->run()
 9 SYSTEMPATH/Commands/Server/rewrite.php(47): require_once('/run/media/degante/DEV/Taller de Base de Datos/blog02/public/index.php')
CRITICAL - 2023-10-03 21:39:51 --> Call to undefined method CodeIgniter\Database\MySQLi\Result::result()
in APPPATH/Controllers/PostController.php on line 27.
 1 SYSTEMPATH/CodeIgniter.php(919): App\Controllers\PostController->ejercicio05()
 2 SYSTEMPATH/CodeIgniter.php(494): CodeIgniter\CodeIgniter->runController()
 3 SYSTEMPATH/CodeIgniter.php(353): CodeIgniter\CodeIgniter->handleRequest()
 4 FCPATH/index.php(79): CodeIgniter\CodeIgniter->run()
 5 SYSTEMPATH/Commands/Server/rewrite.php(47): require_once('/run/media/degante/DEV/Taller de Base de Datos/blog02/public/index.php')
CRITICAL - 2023-10-03 21:42:00 --> Call to undefined method CodeIgniter\Database\MySQLi\Connection::countAll()
in APPPATH/Controllers/PostController.php on line 28.
 1 SYSTEMPATH/CodeIgniter.php(919): App\Controllers\PostController->ejercicio05()
 2 SYSTEMPATH/CodeIgniter.php(494): CodeIgniter\CodeIgniter->runController()
 3 SYSTEMPATH/CodeIgniter.php(353): CodeIgniter\CodeIgniter->handleRequest()
 4 FCPATH/index.php(79): CodeIgniter\CodeIgniter->run()
 5 SYSTEMPATH/Commands/Server/rewrite.php(47): require_once('/run/media/degante/DEV/Taller de Base de Datos/blog02/public/index.php')
CRITICAL - 2023-10-03 21:42:29 --> Call to undefined method CodeIgniter\Database\MySQLi\Connection::count()
in APPPATH/Controllers/PostController.php on line 28.
 1 SYSTEMPATH/CodeIgniter.php(919): App\Controllers\PostController->ejercicio05()
 2 SYSTEMPATH/CodeIgniter.php(494): CodeIgniter\CodeIgniter->runController()
 3 SYSTEMPATH/CodeIgniter.php(353): CodeIgniter\CodeIgniter->handleRequest()
 4 FCPATH/index.php(79): CodeIgniter\CodeIgniter->run()
 5 SYSTEMPATH/Commands/Server/rewrite.php(47): require_once('/run/media/degante/DEV/Taller de Base de Datos/blog02/public/index.php')
CRITICAL - 2023-10-03 21:44:16 --> Call to undefined method CodeIgniter\Database\MySQLi\Connection::count()
in APPPATH/Controllers/PostController.php on line 28.
 1 SYSTEMPATH/CodeIgniter.php(919): App\Controllers\PostController->ejercicio05()
 2 SYSTEMPATH/CodeIgniter.php(494): CodeIgniter\CodeIgniter->runController()
 3 SYSTEMPATH/CodeIgniter.php(353): CodeIgniter\CodeIgniter->handleRequest()
 4 FCPATH/index.php(79): CodeIgniter\CodeIgniter->run()
 5 SYSTEMPATH/Commands/Server/rewrite.php(47): require_once('/run/media/degante/DEV/Taller de Base de Datos/blog02/public/index.php')
CRITICAL - 2023-10-03 21:44:50 --> Call to undefined method CodeIgniter\Database\MySQLi\Result::conuntAll()
in APPPATH/Controllers/PostController.php on line 28.
 1 SYSTEMPATH/CodeIgniter.php(919): App\Controllers\PostController->ejercicio05()
 2 SYSTEMPATH/CodeIgniter.php(494): CodeIgniter\CodeIgniter->runController()
 3 SYSTEMPATH/CodeIgniter.php(353): CodeIgniter\CodeIgniter->handleRequest()
 4 FCPATH/index.php(79): CodeIgniter\CodeIgniter->run()
 5 SYSTEMPATH/Commands/Server/rewrite.php(47): require_once('/run/media/degante/DEV/Taller de Base de Datos/blog02/public/index.php')
CRITICAL - 2023-10-03 21:44:56 --> Call to undefined method CodeIgniter\Database\MySQLi\Result::countAll()
in APPPATH/Controllers/PostController.php on line 28.
 1 SYSTEMPATH/CodeIgniter.php(919): App\Controllers\PostController->ejercicio05()
 2 SYSTEMPATH/CodeIgniter.php(494): CodeIgniter\CodeIgniter->runController()
 3 SYSTEMPATH/CodeIgniter.php(353): CodeIgniter\CodeIgniter->handleRequest()
 4 FCPATH/index.php(79): CodeIgniter\CodeIgniter->run()
 5 SYSTEMPATH/Commands/Server/rewrite.php(47): require_once('/run/media/degante/DEV/Taller de Base de Datos/blog02/public/index.php')
CRITICAL - 2023-10-03 21:45:04 --> Call to undefined method CodeIgniter\Database\MySQLi\Result::countAllResults()
in APPPATH/Controllers/PostController.php on line 28.
 1 SYSTEMPATH/CodeIgniter.php(919): App\Controllers\PostController->ejercicio05()
 2 SYSTEMPATH/CodeIgniter.php(494): CodeIgniter\CodeIgniter->runController()
 3 SYSTEMPATH/CodeIgniter.php(353): CodeIgniter\CodeIgniter->handleRequest()
 4 FCPATH/index.php(79): CodeIgniter\CodeIgniter->run()
 5 SYSTEMPATH/Commands/Server/rewrite.php(47): require_once('/run/media/degante/DEV/Taller de Base de Datos/blog02/public/index.php')
CRITICAL - 2023-10-03 21:45:26 --> Call to undefined method CodeIgniter\Database\MySQLi\Result::countAll()
in APPPATH/Controllers/PostController.php on line 28.
 1 SYSTEMPATH/CodeIgniter.php(919): App\Controllers\PostController->ejercicio05()
 2 SYSTEMPATH/CodeIgniter.php(494): CodeIgniter\CodeIgniter->runController()
 3 SYSTEMPATH/CodeIgniter.php(353): CodeIgniter\CodeIgniter->handleRequest()
 4 FCPATH/index.php(79): CodeIgniter\CodeIgniter->run()
 5 SYSTEMPATH/Commands/Server/rewrite.php(47): require_once('/run/media/degante/DEV/Taller de Base de Datos/blog02/public/index.php')
CRITICAL - 2023-10-03 21:45:34 --> Call to undefined method CodeIgniter\Database\MySQLi\Result::count()
in APPPATH/Controllers/PostController.php on line 28.
 1 SYSTEMPATH/CodeIgniter.php(919): App\Controllers\PostController->ejercicio05()
 2 SYSTEMPATH/CodeIgniter.php(494): CodeIgniter\CodeIgniter->runController()
 3 SYSTEMPATH/CodeIgniter.php(353): CodeIgniter\CodeIgniter->handleRequest()
 4 FCPATH/index.php(79): CodeIgniter\CodeIgniter->run()
 5 SYSTEMPATH/Commands/Server/rewrite.php(47): require_once('/run/media/degante/DEV/Taller de Base de Datos/blog02/public/index.php')
CRITICAL - 2023-10-03 21:45:43 --> Call to undefined method CodeIgniter\Database\MySQLi\Result::get()
in APPPATH/Controllers/PostController.php on line 28.
 1 SYSTEMPATH/CodeIgniter.php(919): App\Controllers\PostController->ejercicio05()
 2 SYSTEMPATH/CodeIgniter.php(494): CodeIgniter\CodeIgniter->runController()
 3 SYSTEMPATH/CodeIgniter.php(353): CodeIgniter\CodeIgniter->handleRequest()
 4 FCPATH/index.php(79): CodeIgniter\CodeIgniter->run()
 5 SYSTEMPATH/Commands/Server/rewrite.php(47): require_once('/run/media/degante/DEV/Taller de Base de Datos/blog02/public/index.php')
CRITICAL - 2023-10-03 21:46:44 --> Undefined array key "total"
in APPPATH/Views/posts/ejercicio05.php on line 9.
 1 APPPATH/Views/posts/ejercicio05.php(9): CodeIgniter\Debug\Exceptions->errorHandler()
 2 SYSTEMPATH/View/View.php(226): include('/run/media/degante/DEV/Taller de Base de Datos/blog02/app/Views/posts/ejercicio05.php')
 3 SYSTEMPATH/View/View.php(229): CodeIgniter\View\View->CodeIgniter\View\{closure}()
 4 SYSTEMPATH/Common.php(1188): CodeIgniter\View\View->render()
 5 APPPATH/Controllers/PostController.php(43): view()
 6 SYSTEMPATH/CodeIgniter.php(919): App\Controllers\PostController->ejercicio05()
 7 SYSTEMPATH/CodeIgniter.php(494): CodeIgniter\CodeIgniter->runController()
 8 SYSTEMPATH/CodeIgniter.php(353): CodeIgniter\CodeIgniter->handleRequest()
 9 FCPATH/index.php(79): CodeIgniter\CodeIgniter->run()
10 SYSTEMPATH/Commands/Server/rewrite.php(47): require_once('/run/media/degante/DEV/Taller de Base de Datos/blog02/public/index.php')
CRITICAL - 2023-10-03 21:47:52 --> syntax error, unexpected token ">", expecting end of file
in APPPATH/Views/posts/ejercicio05.php on line 12.
 1 SYSTEMPATH/View/View.php(229): CodeIgniter\View\View->CodeIgniter\View\{closure}()
 2 SYSTEMPATH/Common.php(1188): CodeIgniter\View\View->render()
 3 APPPATH/Controllers/PostController.php(43): view()
 4 SYSTEMPATH/CodeIgniter.php(919): App\Controllers\PostController->ejercicio05()
 5 SYSTEMPATH/CodeIgniter.php(494): CodeIgniter\CodeIgniter->runController()
 6 SYSTEMPATH/CodeIgniter.php(353): CodeIgniter\CodeIgniter->handleRequest()
 7 FCPATH/index.php(79): CodeIgniter\CodeIgniter->run()
 8 SYSTEMPATH/Commands/Server/rewrite.php(47): require_once('/run/media/degante/DEV/Taller de Base de Datos/blog02/public/index.php')
CRITICAL - 2023-10-03 21:48:00 --> Undefined array key "total"
in APPPATH/Views/posts/ejercicio05.php on line 11.
 1 APPPATH/Views/posts/ejercicio05.php(11): CodeIgniter\Debug\Exceptions->errorHandler()
 2 SYSTEMPATH/View/View.php(226): include('/run/media/degante/DEV/Taller de Base de Datos/blog02/app/Views/posts/ejercicio05.php')
 3 SYSTEMPATH/View/View.php(229): CodeIgniter\View\View->CodeIgniter\View\{closure}()
 4 SYSTEMPATH/Common.php(1188): CodeIgniter\View\View->render()
 5 APPPATH/Controllers/PostController.php(43): view()
 6 SYSTEMPATH/CodeIgniter.php(919): App\Controllers\PostController->ejercicio05()
 7 SYSTEMPATH/CodeIgniter.php(494): CodeIgniter\CodeIgniter->runController()
 8 SYSTEMPATH/CodeIgniter.php(353): CodeIgniter\CodeIgniter->handleRequest()
 9 FCPATH/index.php(79): CodeIgniter\CodeIgniter->run()
10 SYSTEMPATH/Commands/Server/rewrite.php(47): require_once('/run/media/degante/DEV/Taller de Base de Datos/blog02/public/index.php')
CRITICAL - 2023-10-03 21:48:06 --> Object of class stdClass could not be converted to string
in APPPATH/Views/posts/ejercicio05.php on line 11.
 1 SYSTEMPATH/View/View.php(226): include()
 2 SYSTEMPATH/View/View.php(229): CodeIgniter\View\View->CodeIgniter\View\{closure}()
 3 SYSTEMPATH/Common.php(1188): CodeIgniter\View\View->render()
 4 APPPATH/Controllers/PostController.php(43): view()
 5 SYSTEMPATH/CodeIgniter.php(919): App\Controllers\PostController->ejercicio05()
 6 SYSTEMPATH/CodeIgniter.php(494): CodeIgniter\CodeIgniter->runController()
 7 SYSTEMPATH/CodeIgniter.php(353): CodeIgniter\CodeIgniter->handleRequest()
 8 FCPATH/index.php(79): CodeIgniter\CodeIgniter->run()
 9 SYSTEMPATH/Commands/Server/rewrite.php(47): require_once('/run/media/degante/DEV/Taller de Base de Datos/blog02/public/index.php')
CRITICAL - 2023-10-03 21:48:23 --> Cannot use object of type stdClass as array
in APPPATH/Views/posts/ejercicio05.php on line 11.
 1 SYSTEMPATH/View/View.php(226): include()
 2 SYSTEMPATH/View/View.php(229): CodeIgniter\View\View->CodeIgniter\View\{closure}()
 3 SYSTEMPATH/Common.php(1188): CodeIgniter\View\View->render()
 4 APPPATH/Controllers/PostController.php(43): view()
 5 SYSTEMPATH/CodeIgniter.php(919): App\Controllers\PostController->ejercicio05()
 6 SYSTEMPATH/CodeIgniter.php(494): CodeIgniter\CodeIgniter->runController()
 7 SYSTEMPATH/CodeIgniter.php(353): CodeIgniter\CodeIgniter->handleRequest()
 8 FCPATH/index.php(79): CodeIgniter\CodeIgniter->run()
 9 SYSTEMPATH/Commands/Server/rewrite.php(47): require_once('/run/media/degante/DEV/Taller de Base de Datos/blog02/public/index.php')
CRITICAL - 2023-10-03 21:48:33 --> Cannot use object of type stdClass as array
in APPPATH/Views/posts/ejercicio05.php on line 11.
 1 SYSTEMPATH/View/View.php(226): include()
 2 SYSTEMPATH/View/View.php(229): CodeIgniter\View\View->CodeIgniter\View\{closure}()
 3 SYSTEMPATH/Common.php(1188): CodeIgniter\View\View->render()
 4 APPPATH/Controllers/PostController.php(43): view()
 5 SYSTEMPATH/CodeIgniter.php(919): App\Controllers\PostController->ejercicio05()
 6 SYSTEMPATH/CodeIgniter.php(494): CodeIgniter\CodeIgniter->runController()
 7 SYSTEMPATH/CodeIgniter.php(353): CodeIgniter\CodeIgniter->handleRequest()
 8 FCPATH/index.php(79): CodeIgniter\CodeIgniter->run()
 9 SYSTEMPATH/Commands/Server/rewrite.php(47): require_once('/run/media/degante/DEV/Taller de Base de Datos/blog02/public/index.php')
CRITICAL - 2023-10-03 21:48:41 --> Undefined array key 0
in APPPATH/Views/posts/ejercicio05.php on line 11.
 1 APPPATH/Views/posts/ejercicio05.php(11): CodeIgniter\Debug\Exceptions->errorHandler()
 2 SYSTEMPATH/View/View.php(226): include('/run/media/degante/DEV/Taller de Base de Datos/blog02/app/Views/posts/ejercicio05.php')
 3 SYSTEMPATH/View/View.php(229): CodeIgniter\View\View->CodeIgniter\View\{closure}()
 4 SYSTEMPATH/Common.php(1188): CodeIgniter\View\View->render()
 5 APPPATH/Controllers/PostController.php(43): view()
 6 SYSTEMPATH/CodeIgniter.php(919): App\Controllers\PostController->ejercicio05()
 7 SYSTEMPATH/CodeIgniter.php(494): CodeIgniter\CodeIgniter->runController()
 8 SYSTEMPATH/CodeIgniter.php(353): CodeIgniter\CodeIgniter->handleRequest()
 9 FCPATH/index.php(79): CodeIgniter\CodeIgniter->run()
10 SYSTEMPATH/Commands/Server/rewrite.php(47): require_once('/run/media/degante/DEV/Taller de Base de Datos/blog02/public/index.php')
CRITICAL - 2023-10-03 21:48:50 --> Undefined constant "total"
in APPPATH/Views/posts/ejercicio05.php on line 11.
 1 SYSTEMPATH/View/View.php(226): include()
 2 SYSTEMPATH/View/View.php(229): CodeIgniter\View\View->CodeIgniter\View\{closure}()
 3 SYSTEMPATH/Common.php(1188): CodeIgniter\View\View->render()
 4 APPPATH/Controllers/PostController.php(43): view()
 5 SYSTEMPATH/CodeIgniter.php(919): App\Controllers\PostController->ejercicio05()
 6 SYSTEMPATH/CodeIgniter.php(494): CodeIgniter\CodeIgniter->runController()
 7 SYSTEMPATH/CodeIgniter.php(353): CodeIgniter\CodeIgniter->handleRequest()
 8 FCPATH/index.php(79): CodeIgniter\CodeIgniter->run()
 9 SYSTEMPATH/Commands/Server/rewrite.php(47): require_once('/run/media/degante/DEV/Taller de Base de Datos/blog02/public/index.php')
CRITICAL - 2023-10-03 22:06:25 --> Undefined array key "totalPublicaciones"
in APPPATH/Views/posts/ejercicio05.php on line 17.
 1 APPPATH/Views/posts/ejercicio05.php(17): CodeIgniter\Debug\Exceptions->errorHandler()
 2 SYSTEMPATH/View/View.php(226): include('/run/media/degante/DEV/Taller de Base de Datos/blog02/app/Views/posts/ejercicio05.php')
 3 SYSTEMPATH/View/View.php(229): CodeIgniter\View\View->CodeIgniter\View\{closure}()
 4 SYSTEMPATH/Common.php(1188): CodeIgniter\View\View->render()
 5 APPPATH/Controllers/PostController.php(42): view()
 6 SYSTEMPATH/CodeIgniter.php(919): App\Controllers\PostController->ejercicio05()
 7 SYSTEMPATH/CodeIgniter.php(494): CodeIgniter\CodeIgniter->runController()
 8 SYSTEMPATH/CodeIgniter.php(353): CodeIgniter\CodeIgniter->handleRequest()
 9 FCPATH/index.php(79): CodeIgniter\CodeIgniter->run()
10 SYSTEMPATH/Commands/Server/rewrite.php(47): require_once('/run/media/degante/DEV/Taller de Base de Datos/blog02/public/index.php')
