CRITICAL - 2023-09-26 16:31:50 --> The framework needs the following extension(s) installed and loaded: intl.
in SYSTEMPATH\CodeIgniter.php on line 246.
 1 SYSTEMPATH\CodeIgniter.php(246): CodeIgniter\Exceptions\FrameworkException::forMissingExtension('intl')
 2 SYSTEMPATH\CodeIgniter.php(210): CodeIgniter\CodeIgniter->resolvePlatformExtensions()
 3 ROOTPATH\spark(88): CodeIgniter\CodeIgniter->initialize()
CRITICAL - 2023-09-26 16:31:50 --> Uncaught Error: Class "Locale" not found in F:\Taller de Base de Datos\blog02\system\I18n\TimeTrait.php:74
Stack trace:
#0 F:\Taller de Base de Datos\blog02\system\I18n\TimeTrait.php(115): CodeIgniter\I18n\Time->__construct(NULL, NULL, NULL)
#1 F:\Taller de Base de Datos\blog02\system\HTTP\ResponseTrait.php(468): CodeIgniter\I18n\Time::now()
#2 F:\Taller de Base de Datos\blog02\system\HTTP\ResponseTrait.php(446): CodeIgniter\HTTP\Response->sendHeaders()
#3 F:\Taller de Base de Datos\blog02\system\Debug\ExceptionHandler.php(78): CodeIgniter\HTTP\Response->send()
#4 F:\Taller de Base de Datos\blog02\system\Debug\Exceptions.php(146): CodeIgniter\Debug\ExceptionHandler->handle(Object(CodeIgniter\Exceptions\FrameworkException), Object(CodeIgniter\HTTP\IncomingRequest), Object(CodeIgniter\HTTP\Response), 500, 1)
#5 [internal function]: CodeIgniter\Debug\Exceptions->exceptionHandler(Object(CodeIgniter\Exceptions\FrameworkException))
#6 {main}
  thrown
【Previous Exception】
CodeIgniter\Exceptions\FrameworkException
The framework needs the following extension(s) installed and loaded: intl.
#0 F:\Taller de Base de Datos\blog02\system\CodeIgniter.php(246): CodeIgniter\Exceptions\FrameworkException::forMissingExtension('intl')
#1 F:\Taller de Base de Datos\blog02\system\CodeIgniter.php(210): CodeIgniter\CodeIgniter->resolvePlatformExtensions()
#2 F:\Taller de Base de Datos\blog02\spark(88): CodeIgniter\CodeIgniter->initialize()
#3 {main}
in SYSTEMPATH\I18n\TimeTrait.php on line 74.
 1 [internal function]: CodeIgniter\Debug\Exceptions->shutdownHandler()
CRITICAL - 2023-09-26 15:37:02 --> Undefined variable $usuarios
in APPPATH\Views\users\index.php on line 2.
 1 APPPATH\Views\users\index.php(2): CodeIgniter\Debug\Exceptions->errorHandler(2, 'Undefined variable $usuarios', 'F:\\Taller de Base de Datos\\blog02\\app\\Views\\users\\index.php', 2)
 2 SYSTEMPATH\View\View.php(226): include('F:\\Taller de Base de Datos\\blog02\\app\\Views\\users\\index.php')
 3 SYSTEMPATH\View\View.php(229): CodeIgniter\View\View->CodeIgniter\View\{closure}()
 4 SYSTEMPATH\Common.php(1188): CodeIgniter\View\View->render('users/index', [], true)
 5 APPPATH\Controllers\UserController.php(15): view('users/index', [...])
 6 SYSTEMPATH\CodeIgniter.php(919): App\Controllers\UserController->index()
 7 SYSTEMPATH\CodeIgniter.php(494): CodeIgniter\CodeIgniter->runController(Object(App\Controllers\UserController))
 8 SYSTEMPATH\CodeIgniter.php(353): CodeIgniter\CodeIgniter->handleRequest(null, Object(Config\Cache), false)
 9 FCPATH\index.php(79): CodeIgniter\CodeIgniter->run()
10 SYSTEMPATH\Commands\Server\rewrite.php(47): require_once('F:\\Taller de Base de Datos\\blog02\\public\\index.php')
CRITICAL - 2023-09-26 15:38:42 --> Undefined variable $usuarios
in APPPATH\Views\users\index.php on line 2.
 1 APPPATH\Views\users\index.php(2): CodeIgniter\Debug\Exceptions->errorHandler(2, 'Undefined variable $usuarios', 'F:\\Taller de Base de Datos\\blog02\\app\\Views\\users\\index.php', 2)
 2 SYSTEMPATH\View\View.php(226): include('F:\\Taller de Base de Datos\\blog02\\app\\Views\\users\\index.php')
 3 SYSTEMPATH\View\View.php(229): CodeIgniter\View\View->CodeIgniter\View\{closure}()
 4 SYSTEMPATH\Common.php(1188): CodeIgniter\View\View->render('users/index', [], true)
 5 APPPATH\Controllers\UserController.php(15): view('users/index', [...])
 6 SYSTEMPATH\CodeIgniter.php(919): App\Controllers\UserController->index()
 7 SYSTEMPATH\CodeIgniter.php(494): CodeIgniter\CodeIgniter->runController(Object(App\Controllers\UserController))
 8 SYSTEMPATH\CodeIgniter.php(353): CodeIgniter\CodeIgniter->handleRequest(null, Object(Config\Cache), false)
 9 FCPATH\index.php(79): CodeIgniter\CodeIgniter->run()
10 SYSTEMPATH\Commands\Server\rewrite.php(47): require_once('F:\\Taller de Base de Datos\\blog02\\public\\index.php')
CRITICAL - 2023-09-26 15:39:05 --> compact(): Undefined variable $1
in APPPATH\Controllers\UserController.php on line 15.
 1 [internal function]: CodeIgniter\Debug\Exceptions->errorHandler(2, 'compact(): Undefined variable $1', 'F:\\Taller de Base de Datos\\blog02\\app\\Controllers\\UserController.php', 15)
 2 APPPATH\Controllers\UserController.php(15): compact([...])
 3 SYSTEMPATH\CodeIgniter.php(919): App\Controllers\UserController->index()
 4 SYSTEMPATH\CodeIgniter.php(494): CodeIgniter\CodeIgniter->runController(Object(App\Controllers\UserController))
 5 SYSTEMPATH\CodeIgniter.php(353): CodeIgniter\CodeIgniter->handleRequest(null, Object(Config\Cache), false)
 6 FCPATH\index.php(79): CodeIgniter\CodeIgniter->run()
 7 SYSTEMPATH\Commands\Server\rewrite.php(47): require_once('F:\\Taller de Base de Datos\\blog02\\public\\index.php')
CRITICAL - 2023-09-26 15:39:38 --> Attempt to read property "username" on array
in APPPATH\Views\users\index.php on line 3.
 1 APPPATH\Views\users\index.php(3): CodeIgniter\Debug\Exceptions->errorHandler(2, 'Attempt to read property "username" on array', 'F:\\Taller de Base de Datos\\blog02\\app\\Views\\users\\index.php', 3)
 2 SYSTEMPATH\View\View.php(226): include('F:\\Taller de Base de Datos\\blog02\\app\\Views\\users\\index.php')
 3 SYSTEMPATH\View\View.php(229): CodeIgniter\View\View->CodeIgniter\View\{closure}()
 4 SYSTEMPATH\Common.php(1188): CodeIgniter\View\View->render('users/index', [], true)
 5 APPPATH\Controllers\UserController.php(20): view('users/index', [...])
 6 SYSTEMPATH\CodeIgniter.php(919): App\Controllers\UserController->index()
 7 SYSTEMPATH\CodeIgniter.php(494): CodeIgniter\CodeIgniter->runController(Object(App\Controllers\UserController))
 8 SYSTEMPATH\CodeIgniter.php(353): CodeIgniter\CodeIgniter->handleRequest(null, Object(Config\Cache), false)
 9 FCPATH\index.php(79): CodeIgniter\CodeIgniter->run()
10 SYSTEMPATH\Commands\Server\rewrite.php(47): require_once('F:\\Taller de Base de Datos\\blog02\\public\\index.php')
