ERROR - 2023-10-04 15:13:23 --> mysqli_sql_exception: You have an error in your SQL syntax; check the manual that corresponds to your MariaDB server version for the right syntax to use near '"ppc' at line 1 in /run/media/degante/DEV/Taller de Base de Datos/blog/system/Database/MySQLi/Connection.php:306
Stack trace:
#0 /run/media/degante/DEV/Taller de Base de Datos/blog/system/Database/MySQLi/Connection.php(306): mysqli->query()
#1 /run/media/degante/DEV/Taller de Base de Datos/blog/system/Database/BaseConnection.php(692): CodeIgniter\Database\MySQLi\Connection->execute()
#2 /run/media/degante/DEV/Taller de Base de Datos/blog/system/Database/BaseConnection.php(606): CodeIgniter\Database\BaseConnection->simpleQuery()
#3 /run/media/degante/DEV/Taller de Base de Datos/blog/app/Controllers/PostController.php(51): CodeIgniter\Database\BaseConnection->query()
#4 /run/media/degante/DEV/Taller de Base de Datos/blog/system/CodeIgniter.php(919): App\Controllers\PostController->ejercicio06()
#5 /run/media/degante/DEV/Taller de Base de Datos/blog/system/CodeIgniter.php(494): CodeIgniter\CodeIgniter->runController()
#6 /run/media/degante/DEV/Taller de Base de Datos/blog/system/CodeIgniter.php(353): CodeIgniter\CodeIgniter->handleRequest()
#7 /run/media/degante/DEV/Taller de Base de Datos/blog/public/index.php(79): CodeIgniter\CodeIgniter->run()
#8 /run/media/degante/DEV/Taller de Base de Datos/blog/system/Commands/Server/rewrite.php(47): require_once('...')
#9 {main}
CRITICAL - 2023-10-04 15:13:23 --> You have an error in your SQL syntax; check the manual that corresponds to your MariaDB server version for the right syntax to use near '"ppc' at line 1
in SYSTEMPATH/Database/BaseConnection.php on line 646.
 1 APPPATH/Controllers/PostController.php(51): CodeIgniter\Database\BaseConnection->query()
 2 SYSTEMPATH/CodeIgniter.php(919): App\Controllers\PostController->ejercicio06()
 3 SYSTEMPATH/CodeIgniter.php(494): CodeIgniter\CodeIgniter->runController()
 4 SYSTEMPATH/CodeIgniter.php(353): CodeIgniter\CodeIgniter->handleRequest()
 5 FCPATH/index.php(79): CodeIgniter\CodeIgniter->run()
 6 SYSTEMPATH/Commands/Server/rewrite.php(47): require_once('/run/media/degante/DEV/Taller de Base de Datos/blog/public/index.php')
CRITICAL - 2023-10-04 15:13:59 --> Undefined variable $postsPorCategoria
in APPPATH/Views/posts/ejercicio06.php on line 8.
 1 APPPATH/Views/posts/ejercicio06.php(8): CodeIgniter\Debug\Exceptions->errorHandler()
 2 SYSTEMPATH/View/View.php(226): include('/run/media/degante/DEV/Taller de Base de Datos/blog/app/Views/posts/ejercicio06.php')
 3 SYSTEMPATH/View/View.php(229): CodeIgniter\View\View->CodeIgniter\View\{closure}()
 4 SYSTEMPATH/Common.php(1188): CodeIgniter\View\View->render()
 5 APPPATH/Controllers/PostController.php(60): view()
 6 SYSTEMPATH/CodeIgniter.php(919): App\Controllers\PostController->ejercicio06()
 7 SYSTEMPATH/CodeIgniter.php(494): CodeIgniter\CodeIgniter->runController()
 8 SYSTEMPATH/CodeIgniter.php(353): CodeIgniter\CodeIgniter->handleRequest()
 9 FCPATH/index.php(79): CodeIgniter\CodeIgniter->run()
10 SYSTEMPATH/Commands/Server/rewrite.php(47): require_once('/run/media/degante/DEV/Taller de Base de Datos/blog/public/index.php')
CRITICAL - 2023-10-04 15:16:53 --> Undefined array key "ppc"
in APPPATH/Views/posts/ejercicio06.php on line 11.
 1 APPPATH/Views/posts/ejercicio06.php(11): CodeIgniter\Debug\Exceptions->errorHandler()
 2 SYSTEMPATH/View/View.php(226): include('/run/media/degante/DEV/Taller de Base de Datos/blog/app/Views/posts/ejercicio06.php')
 3 SYSTEMPATH/View/View.php(229): CodeIgniter\View\View->CodeIgniter\View\{closure}()
 4 SYSTEMPATH/Common.php(1188): CodeIgniter\View\View->render()
 5 APPPATH/Controllers/PostController.php(60): view()
 6 SYSTEMPATH/CodeIgniter.php(919): App\Controllers\PostController->ejercicio06()
 7 SYSTEMPATH/CodeIgniter.php(494): CodeIgniter\CodeIgniter->runController()
 8 SYSTEMPATH/CodeIgniter.php(353): CodeIgniter\CodeIgniter->handleRequest()
 9 FCPATH/index.php(79): CodeIgniter\CodeIgniter->run()
10 SYSTEMPATH/Commands/Server/rewrite.php(47): require_once('/run/media/degante/DEV/Taller de Base de Datos/blog/public/index.php')
CRITICAL - 2023-10-04 15:17:10 --> Undefined array key "ppc"
in APPPATH/Views/posts/ejercicio06.php on line 11.
 1 APPPATH/Views/posts/ejercicio06.php(11): CodeIgniter\Debug\Exceptions->errorHandler()
 2 SYSTEMPATH/View/View.php(226): include('/run/media/degante/DEV/Taller de Base de Datos/blog/app/Views/posts/ejercicio06.php')
 3 SYSTEMPATH/View/View.php(229): CodeIgniter\View\View->CodeIgniter\View\{closure}()
 4 SYSTEMPATH/Common.php(1188): CodeIgniter\View\View->render()
 5 APPPATH/Controllers/PostController.php(60): view()
 6 SYSTEMPATH/CodeIgniter.php(919): App\Controllers\PostController->ejercicio06()
 7 SYSTEMPATH/CodeIgniter.php(494): CodeIgniter\CodeIgniter->runController()
 8 SYSTEMPATH/CodeIgniter.php(353): CodeIgniter\CodeIgniter->handleRequest()
 9 FCPATH/index.php(79): CodeIgniter\CodeIgniter->run()
10 SYSTEMPATH/Commands/Server/rewrite.php(47): require_once('/run/media/degante/DEV/Taller de Base de Datos/blog/public/index.php')
ERROR - 2023-10-04 15:19:24 --> mysqli_sql_exception: Column 'category' in field list is ambiguous in /run/media/degante/DEV/Taller de Base de Datos/blog/system/Database/MySQLi/Connection.php:306
Stack trace:
#0 /run/media/degante/DEV/Taller de Base de Datos/blog/system/Database/MySQLi/Connection.php(306): mysqli->query()
#1 /run/media/degante/DEV/Taller de Base de Datos/blog/system/Database/BaseConnection.php(692): CodeIgniter\Database\MySQLi\Connection->execute()
#2 /run/media/degante/DEV/Taller de Base de Datos/blog/system/Database/BaseConnection.php(606): CodeIgniter\Database\BaseConnection->simpleQuery()
#3 /run/media/degante/DEV/Taller de Base de Datos/blog/app/Controllers/PostController.php(51): CodeIgniter\Database\BaseConnection->query()
#4 /run/media/degante/DEV/Taller de Base de Datos/blog/system/CodeIgniter.php(919): App\Controllers\PostController->ejercicio06()
#5 /run/media/degante/DEV/Taller de Base de Datos/blog/system/CodeIgniter.php(494): CodeIgniter\CodeIgniter->runController()
#6 /run/media/degante/DEV/Taller de Base de Datos/blog/system/CodeIgniter.php(353): CodeIgniter\CodeIgniter->handleRequest()
#7 /run/media/degante/DEV/Taller de Base de Datos/blog/public/index.php(79): CodeIgniter\CodeIgniter->run()
#8 /run/media/degante/DEV/Taller de Base de Datos/blog/system/Commands/Server/rewrite.php(47): require_once('...')
#9 {main}
CRITICAL - 2023-10-04 15:19:24 --> Column 'category' in field list is ambiguous
in SYSTEMPATH/Database/BaseConnection.php on line 646.
 1 APPPATH/Controllers/PostController.php(51): CodeIgniter\Database\BaseConnection->query()
 2 SYSTEMPATH/CodeIgniter.php(919): App\Controllers\PostController->ejercicio06()
 3 SYSTEMPATH/CodeIgniter.php(494): CodeIgniter\CodeIgniter->runController()
 4 SYSTEMPATH/CodeIgniter.php(353): CodeIgniter\CodeIgniter->handleRequest()
 5 FCPATH/index.php(79): CodeIgniter\CodeIgniter->run()
 6 SYSTEMPATH/Commands/Server/rewrite.php(47): require_once('/run/media/degante/DEV/Taller de Base de Datos/blog/public/index.php')
ERROR - 2023-10-04 15:19:33 --> mysqli_sql_exception: Unknown column 'c.category' in 'field list' in /run/media/degante/DEV/Taller de Base de Datos/blog/system/Database/MySQLi/Connection.php:306
Stack trace:
#0 /run/media/degante/DEV/Taller de Base de Datos/blog/system/Database/MySQLi/Connection.php(306): mysqli->query()
#1 /run/media/degante/DEV/Taller de Base de Datos/blog/system/Database/BaseConnection.php(692): CodeIgniter\Database\MySQLi\Connection->execute()
#2 /run/media/degante/DEV/Taller de Base de Datos/blog/system/Database/BaseConnection.php(606): CodeIgniter\Database\BaseConnection->simpleQuery()
#3 /run/media/degante/DEV/Taller de Base de Datos/blog/app/Controllers/PostController.php(51): CodeIgniter\Database\BaseConnection->query()
#4 /run/media/degante/DEV/Taller de Base de Datos/blog/system/CodeIgniter.php(919): App\Controllers\PostController->ejercicio06()
#5 /run/media/degante/DEV/Taller de Base de Datos/blog/system/CodeIgniter.php(494): CodeIgniter\CodeIgniter->runController()
#6 /run/media/degante/DEV/Taller de Base de Datos/blog/system/CodeIgniter.php(353): CodeIgniter\CodeIgniter->handleRequest()
#7 /run/media/degante/DEV/Taller de Base de Datos/blog/public/index.php(79): CodeIgniter\CodeIgniter->run()
#8 /run/media/degante/DEV/Taller de Base de Datos/blog/system/Commands/Server/rewrite.php(47): require_once('...')
#9 {main}
CRITICAL - 2023-10-04 15:19:33 --> Unknown column 'c.category' in 'field list'
in SYSTEMPATH/Database/BaseConnection.php on line 646.
 1 APPPATH/Controllers/PostController.php(51): CodeIgniter\Database\BaseConnection->query()
 2 SYSTEMPATH/CodeIgniter.php(919): App\Controllers\PostController->ejercicio06()
 3 SYSTEMPATH/CodeIgniter.php(494): CodeIgniter\CodeIgniter->runController()
 4 SYSTEMPATH/CodeIgniter.php(353): CodeIgniter\CodeIgniter->handleRequest()
 5 FCPATH/index.php(79): CodeIgniter\CodeIgniter->run()
 6 SYSTEMPATH/Commands/Server/rewrite.php(47): require_once('/run/media/degante/DEV/Taller de Base de Datos/blog/public/index.php')
ERROR - 2023-10-04 15:19:50 --> mysqli_sql_exception: Unknown column 'c.category' in 'field list' in /run/media/degante/DEV/Taller de Base de Datos/blog/system/Database/MySQLi/Connection.php:306
Stack trace:
#0 /run/media/degante/DEV/Taller de Base de Datos/blog/system/Database/MySQLi/Connection.php(306): mysqli->query()
#1 /run/media/degante/DEV/Taller de Base de Datos/blog/system/Database/BaseConnection.php(692): CodeIgniter\Database\MySQLi\Connection->execute()
#2 /run/media/degante/DEV/Taller de Base de Datos/blog/system/Database/BaseConnection.php(606): CodeIgniter\Database\BaseConnection->simpleQuery()
#3 /run/media/degante/DEV/Taller de Base de Datos/blog/app/Controllers/PostController.php(51): CodeIgniter\Database\BaseConnection->query()
#4 /run/media/degante/DEV/Taller de Base de Datos/blog/system/CodeIgniter.php(919): App\Controllers\PostController->ejercicio06()
#5 /run/media/degante/DEV/Taller de Base de Datos/blog/system/CodeIgniter.php(494): CodeIgniter\CodeIgniter->runController()
#6 /run/media/degante/DEV/Taller de Base de Datos/blog/system/CodeIgniter.php(353): CodeIgniter\CodeIgniter->handleRequest()
#7 /run/media/degante/DEV/Taller de Base de Datos/blog/public/index.php(79): CodeIgniter\CodeIgniter->run()
#8 /run/media/degante/DEV/Taller de Base de Datos/blog/system/Commands/Server/rewrite.php(47): require_once('...')
#9 {main}
CRITICAL - 2023-10-04 15:19:50 --> Unknown column 'c.category' in 'field list'
in SYSTEMPATH/Database/BaseConnection.php on line 646.
 1 APPPATH/Controllers/PostController.php(51): CodeIgniter\Database\BaseConnection->query()
 2 SYSTEMPATH/CodeIgniter.php(919): App\Controllers\PostController->ejercicio06()
 3 SYSTEMPATH/CodeIgniter.php(494): CodeIgniter\CodeIgniter->runController()
 4 SYSTEMPATH/CodeIgniter.php(353): CodeIgniter\CodeIgniter->handleRequest()
 5 FCPATH/index.php(79): CodeIgniter\CodeIgniter->run()
 6 SYSTEMPATH/Commands/Server/rewrite.php(47): require_once('/run/media/degante/DEV/Taller de Base de Datos/blog/public/index.php')
ERROR - 2023-10-04 15:22:49 --> mysqli_sql_exception: Column 'category' in order clause is ambiguous in /run/media/degante/DEV/Taller de Base de Datos/blog/system/Database/MySQLi/Connection.php:306
Stack trace:
#0 /run/media/degante/DEV/Taller de Base de Datos/blog/system/Database/MySQLi/Connection.php(306): mysqli->query()
#1 /run/media/degante/DEV/Taller de Base de Datos/blog/system/Database/BaseConnection.php(692): CodeIgniter\Database\MySQLi\Connection->execute()
#2 /run/media/degante/DEV/Taller de Base de Datos/blog/system/Database/BaseConnection.php(606): CodeIgniter\Database\BaseConnection->simpleQuery()
#3 /run/media/degante/DEV/Taller de Base de Datos/blog/app/Controllers/PostController.php(51): CodeIgniter\Database\BaseConnection->query()
#4 /run/media/degante/DEV/Taller de Base de Datos/blog/system/CodeIgniter.php(919): App\Controllers\PostController->ejercicio06()
#5 /run/media/degante/DEV/Taller de Base de Datos/blog/system/CodeIgniter.php(494): CodeIgniter\CodeIgniter->runController()
#6 /run/media/degante/DEV/Taller de Base de Datos/blog/system/CodeIgniter.php(353): CodeIgniter\CodeIgniter->handleRequest()
#7 /run/media/degante/DEV/Taller de Base de Datos/blog/public/index.php(79): CodeIgniter\CodeIgniter->run()
#8 /run/media/degante/DEV/Taller de Base de Datos/blog/system/Commands/Server/rewrite.php(47): require_once('...')
#9 {main}
CRITICAL - 2023-10-04 15:22:49 --> Column 'category' in order clause is ambiguous
in SYSTEMPATH/Database/BaseConnection.php on line 646.
 1 APPPATH/Controllers/PostController.php(51): CodeIgniter\Database\BaseConnection->query()
 2 SYSTEMPATH/CodeIgniter.php(919): App\Controllers\PostController->ejercicio06()
 3 SYSTEMPATH/CodeIgniter.php(494): CodeIgniter\CodeIgniter->runController()
 4 SYSTEMPATH/CodeIgniter.php(353): CodeIgniter\CodeIgniter->handleRequest()
 5 FCPATH/index.php(79): CodeIgniter\CodeIgniter->run()
 6 SYSTEMPATH/Commands/Server/rewrite.php(47): require_once('/run/media/degante/DEV/Taller de Base de Datos/blog/public/index.php')
CRITICAL - 2023-10-04 15:39:20 --> Undefined array key "pepm"
in APPPATH/Views/posts/ejercicio07.php on line 9.
 1 APPPATH/Views/posts/ejercicio07.php(9): CodeIgniter\Debug\Exceptions->errorHandler()
 2 SYSTEMPATH/View/View.php(226): include('/run/media/degante/DEV/Taller de Base de Datos/blog/app/Views/posts/ejercicio07.php')
 3 SYSTEMPATH/View/View.php(229): CodeIgniter\View\View->CodeIgniter\View\{closure}()
 4 SYSTEMPATH/Common.php(1188): CodeIgniter\View\View->render()
 5 APPPATH/Controllers/PostController.php(74): view()
 6 SYSTEMPATH/CodeIgniter.php(919): App\Controllers\PostController->ejercicio07()
 7 SYSTEMPATH/CodeIgniter.php(494): CodeIgniter\CodeIgniter->runController()
 8 SYSTEMPATH/CodeIgniter.php(353): CodeIgniter\CodeIgniter->handleRequest()
 9 FCPATH/index.php(79): CodeIgniter\CodeIgniter->run()
10 SYSTEMPATH/Commands/Server/rewrite.php(47): require_once('/run/media/degante/DEV/Taller de Base de Datos/blog/public/index.php')
CRITICAL - 2023-10-04 15:50:01 --> syntax error, unexpected token "/"
in APPPATH/Views/posts/ejercicio07.php on line 21.
 1 SYSTEMPATH/View/View.php(229): CodeIgniter\View\View->CodeIgniter\View\{closure}()
 2 SYSTEMPATH/Common.php(1188): CodeIgniter\View\View->render()
 3 APPPATH/Controllers/PostController.php(77): view()
 4 SYSTEMPATH/CodeIgniter.php(919): App\Controllers\PostController->ejercicio07()
 5 SYSTEMPATH/CodeIgniter.php(494): CodeIgniter\CodeIgniter->runController()
 6 SYSTEMPATH/CodeIgniter.php(353): CodeIgniter\CodeIgniter->handleRequest()
 7 FCPATH/index.php(79): CodeIgniter\CodeIgniter->run()
 8 SYSTEMPATH/Commands/Server/rewrite.php(47): require_once('/run/media/degante/DEV/Taller de Base de Datos/blog/public/index.php')
CRITICAL - 2023-10-04 15:59:25 --> syntax error, unexpected token ")"
in APPPATH/Views/posts/ejercicio07.php on line 25.
 1 SYSTEMPATH/View/View.php(229): CodeIgniter\View\View->CodeIgniter\View\{closure}()
 2 SYSTEMPATH/Common.php(1188): CodeIgniter\View\View->render()
 3 APPPATH/Controllers/PostController.php(83): view()
 4 SYSTEMPATH/CodeIgniter.php(919): App\Controllers\PostController->ejercicio07()
 5 SYSTEMPATH/CodeIgniter.php(494): CodeIgniter\CodeIgniter->runController()
 6 SYSTEMPATH/CodeIgniter.php(353): CodeIgniter\CodeIgniter->handleRequest()
 7 FCPATH/index.php(79): CodeIgniter\CodeIgniter->run()
 8 SYSTEMPATH/Commands/Server/rewrite.php(47): require_once('/run/media/degante/DEV/Taller de Base de Datos/blog/public/index.php')
CRITICAL - 2023-10-04 16:00:26 --> Undefined variable $pepm
in APPPATH/Views/posts/ejercicio07.php on line 10.
 1 APPPATH/Views/posts/ejercicio07.php(10): CodeIgniter\Debug\Exceptions->errorHandler()
 2 SYSTEMPATH/View/View.php(226): include('/run/media/degante/DEV/Taller de Base de Datos/blog/app/Views/posts/ejercicio07.php')
 3 SYSTEMPATH/View/View.php(229): CodeIgniter\View\View->CodeIgniter\View\{closure}()
 4 SYSTEMPATH/Common.php(1188): CodeIgniter\View\View->render()
 5 APPPATH/Controllers/PostController.php(83): view()
 6 SYSTEMPATH/CodeIgniter.php(919): App\Controllers\PostController->ejercicio07()
 7 SYSTEMPATH/CodeIgniter.php(494): CodeIgniter\CodeIgniter->runController()
 8 SYSTEMPATH/CodeIgniter.php(353): CodeIgniter\CodeIgniter->handleRequest()
 9 FCPATH/index.php(79): CodeIgniter\CodeIgniter->run()
10 SYSTEMPATH/Commands/Server/rewrite.php(47): require_once('/run/media/degante/DEV/Taller de Base de Datos/blog/public/index.php')
CRITICAL - 2023-10-04 16:01:09 --> Undefined variable $pepm22
in APPPATH/Views/posts/ejercicio07.php on line 10.
 1 APPPATH/Views/posts/ejercicio07.php(10): CodeIgniter\Debug\Exceptions->errorHandler()
 2 SYSTEMPATH/View/View.php(226): include('/run/media/degante/DEV/Taller de Base de Datos/blog/app/Views/posts/ejercicio07.php')
 3 SYSTEMPATH/View/View.php(229): CodeIgniter\View\View->CodeIgniter\View\{closure}()
 4 SYSTEMPATH/Common.php(1188): CodeIgniter\View\View->render()
 5 APPPATH/Controllers/PostController.php(83): view()
 6 SYSTEMPATH/CodeIgniter.php(919): App\Controllers\PostController->ejercicio07()
 7 SYSTEMPATH/CodeIgniter.php(494): CodeIgniter\CodeIgniter->runController()
 8 SYSTEMPATH/CodeIgniter.php(353): CodeIgniter\CodeIgniter->handleRequest()
 9 FCPATH/index.php(79): CodeIgniter\CodeIgniter->run()
10 SYSTEMPATH/Commands/Server/rewrite.php(47): require_once('/run/media/degante/DEV/Taller de Base de Datos/blog/public/index.php')
CRITICAL - 2023-10-04 17:20:27 --> Undefined variable $pepm22
in APPPATH/Views/posts/ejercicio07.php on line 10.
 1 APPPATH/Views/posts/ejercicio07.php(10): CodeIgniter\Debug\Exceptions->errorHandler()
 2 SYSTEMPATH/View/View.php(226): include('/run/media/degante/DEV/Taller de Base de Datos/blog/app/Views/posts/ejercicio07.php')
 3 SYSTEMPATH/View/View.php(229): CodeIgniter\View\View->CodeIgniter\View\{closure}()
 4 SYSTEMPATH/Common.php(1188): CodeIgniter\View\View->render()
 5 APPPATH/Controllers/PostController.php(83): view()
 6 SYSTEMPATH/CodeIgniter.php(919): App\Controllers\PostController->ejercicio07()
 7 SYSTEMPATH/CodeIgniter.php(494): CodeIgniter\CodeIgniter->runController()
 8 SYSTEMPATH/CodeIgniter.php(353): CodeIgniter\CodeIgniter->handleRequest()
 9 FCPATH/index.php(79): CodeIgniter\CodeIgniter->run()
10 SYSTEMPATH/Commands/Server/rewrite.php(47): require_once('/run/media/degante/DEV/Taller de Base de Datos/blog/public/index.php')
CRITICAL - 2023-10-04 17:21:03 --> Undefined variable $pepm
in APPPATH/Views/posts/ejercicio07.php on line 10.
 1 APPPATH/Views/posts/ejercicio07.php(10): CodeIgniter\Debug\Exceptions->errorHandler()
 2 SYSTEMPATH/View/View.php(226): include('/run/media/degante/DEV/Taller de Base de Datos/blog/app/Views/posts/ejercicio07.php')
 3 SYSTEMPATH/View/View.php(229): CodeIgniter\View\View->CodeIgniter\View\{closure}()
 4 SYSTEMPATH/Common.php(1188): CodeIgniter\View\View->render()
 5 APPPATH/Controllers/PostController.php(83): view()
 6 SYSTEMPATH/CodeIgniter.php(919): App\Controllers\PostController->ejercicio07()
 7 SYSTEMPATH/CodeIgniter.php(494): CodeIgniter\CodeIgniter->runController()
 8 SYSTEMPATH/CodeIgniter.php(353): CodeIgniter\CodeIgniter->handleRequest()
 9 FCPATH/index.php(79): CodeIgniter\CodeIgniter->run()
10 SYSTEMPATH/Commands/Server/rewrite.php(47): require_once('/run/media/degante/DEV/Taller de Base de Datos/blog/public/index.php')
CRITICAL - 2023-10-04 17:28:46 --> Undefined variable $pepm22
in APPPATH/Views/posts/ejercicio07.php on line 11.
 1 APPPATH/Views/posts/ejercicio07.php(11): CodeIgniter\Debug\Exceptions->errorHandler()
 2 SYSTEMPATH/View/View.php(226): include('/run/media/degante/DEV/Taller de Base de Datos/blog/app/Views/posts/ejercicio07.php')
 3 SYSTEMPATH/View/View.php(229): CodeIgniter\View\View->CodeIgniter\View\{closure}()
 4 SYSTEMPATH/Common.php(1188): CodeIgniter\View\View->render()
 5 APPPATH/Controllers/PostController.php(83): view()
 6 SYSTEMPATH/CodeIgniter.php(919): App\Controllers\PostController->ejercicio07()
 7 SYSTEMPATH/CodeIgniter.php(494): CodeIgniter\CodeIgniter->runController()
 8 SYSTEMPATH/CodeIgniter.php(353): CodeIgniter\CodeIgniter->handleRequest()
 9 FCPATH/index.php(79): CodeIgniter\CodeIgniter->run()
10 SYSTEMPATH/Commands/Server/rewrite.php(47): require_once('/run/media/degante/DEV/Taller de Base de Datos/blog/public/index.php')
